NOTE: The PROCEDURE PRINTTO used 0.05 seconds.


MPRINT(OPENUP):   X "pkunzip -do pod93??.zip pod9308.sd2 ";
MPRINT(OPENUP):   DATA POD93_08 DUPS.DUPS08;
MPRINT(OPENUP):   SET PODES11.POD9308 PODES12.POD9308 PODES13.POD9308
PODES14.POD9308 PODES15.POD9308 PODES16.POD9308 PODES17.POD9308 PODES18.POD9308
PODES31.POD9308 PODES32.POD9308 PODES33.POD9308 PODES34.POD9308 PODES35.POD9308
PODES51.POD9308 PODES52.POD9308 PODES53.POD9308 PODES54.POD9308 PODES61.POD9308
PODES62.POD9308 PODES63.POD9308 PODES64.POD9308 PODES71.POD9308 PODES72.POD9308
PODES73.POD9308 PODES74.POD9308 PODES81.POD9308 PODES82.POD9308;
MPRINT(OPENUP):   BY PROV KAB KEC DESA;
MPRINT(OPENUP):   IF NOT FIRST.DESA THEN OUTPUT DUPS.DUPS08;
MPRINT(OPENUP):   ELSE OUTPUT POD93_08;

NOTE: The data set WORK.POD93_08 has 65060 observations and 34 variables.
NOTE: The data set DUPS.DUPS08 has 1599 observations and 34 variables.
NOTE: The DATA statement used 31.88 seconds.


MPRINT(OPENUP):   PROC PRINTTO PRINT="pod93_08.lst" NEW;
MPRINT(OPENUP):   RUN;

NOTE: The PROCEDURE PRINTTO used 0.01 seconds.


MPRINT(OPENUP):   PROC TABULATE DATA=DUPS.DUPS08 MISSING NOSEPS;
MPRINT(OPENUP):   CLASS PROV KAB;
MPRINT(OPENUP):   TABLES PROV*KAB, N;
MPRINT(OPENUP):   TITLE "Podes '93 Section 08 Descriptive Statistics ";
MPRINT(OPENUP):   TITLE2 "Duplicate ID frequencies";

NOTE: The PROCEDURE TABULATE printed page 214.
NOTE: The PROCEDURE TABULATE used 0.72 seconds.


MPRINT(OPENUP):   PROC SORT NODUPKEY DATA=POD93_08 OUT=HERE.POD93_08;
MPRINT(OPENUP):   BY PROV KAB KEC DESA;

NOTE: 0 observations with duplicate key values were deleted.
NOTE: The data set HERE.POD93_08 has 65060 observations and 34 variables.
NOTE: The PROCEDURE SORT used 22.72 seconds.


MPRINT(OPENUP):   PROC UNIVARIATE;
MPRINT(OPENUP):   TITLE2 "Univariate Stats";

NOTE: The PROCEDURE UNIVARIATE printed pages 215-223.
NOTE: The PROCEDURE UNIVARIATE used 13.21 seconds.


MPRINT(OPENUP):   PROC FREQ DATA=_LAST_(DROP=PROV KAB KEC DESA);
MPRINT(OPENUP):   TABLES _CHARACTER_;
MPRINT(OPENUP):   TITLE2 "Character Variable Frequencies";
14                               The SAS System  20:26 Monday, February 27, 1995

MPRINT(OPENUP):   TABLES P08A2B;

NOTE: For table location in print file, see
page 224 for P08A1A
page 224 for P08A1B
page 224 for P08A1C
page 224 for P08A2A01
page 224 for P08A2A02
page 225 for P08A2A03
page 225 for P08A2A04
page 225 for P08A2A05
page 225 for P08A2A06
page 225 for P08A2A07
page 225 for P08A2A08
page 226 for P08A2A09
page 226 for P08A2A10
page 226 for P08A2A11
page 226 for P08A2A12
page 226 for P08A2C
page 226 for P08A3
page 227 for P08B1A
page 227 for P08B2A
page 227 for P08C1A
page 227 for P08C2
page 227 for P08A2B
NOTE: The PROCEDURE FREQ printed pages 224-227.
NOTE: The PROCEDURE FREQ used 14.25 seconds.


MPRINT(OPENUP):   PROC PRINTTO PRINT="pod93_08.cnt" NEW;

NOTE: The PROCEDURE PRINTTO used 0.05 seconds.


MPRINT(OPENUP):   PROC CONTENTS POSITION;
MPRINT(OPENUP):   TITLE2 " ";

NOTE: The PROCEDURE CONTENTS printed pages 228-230.
NOTE: The PROCEDURE CONTENTS used 0.41 seconds.


MPRINT(OPENUP):   PROC PRINTTO PRINT="nul" LOG="nul";
MPRINT(OPENUP):   RUN;
